<?xml version="1.0" encoding="UTF-8"?>
<testsuite name="SILab2Test" tests="2" skipped="0" failures="0" errors="0" timestamp="2020-06-11T21:12:32" hostname="DESKTOP-BAPUK6K" time="0.035">
  <properties/>
  <testcase name="testEveryStatement()" classname="SILab2Test" time="0.032"/>
  <testcase name="testEveryPath()" classname="SILab2Test" time="0.002"/>
  <system-out><![CDATA[]]></system-out>
  <system-err><![CDATA[]]></system-err>
</testsuite>
